Looking for git in: git
Using git 2.25.1 from git
Opening repository for path='/home/shivanshxyz/.config/BetterDiscord/themes' failed; ex=Failed to execute git {
  "exitCode": 128,
  "gitErrorCode": "NotAGitRepository",
  "gitCommand": "rev-parse",
  "stdout": "",
  "stderr": "fatal: not a git repository (or any of the parent directories): .git\n"
}
Opening repository for path='/home/shivanshxyz/.config/BetterDiscord/themes' failed; ex=Failed to execute git {
  "exitCode": 128,
  "gitErrorCode": "NotAGitRepository",
  "gitCommand": "rev-parse",
  "stdout": "",
  "stderr": "fatal: not a git repository (or any of the parent directories): .git\n"
}
Opening repository for path='/home/shivanshxyz/.config/BetterDiscord/themes/bd-gruvbox.css' failed; ex=Error: spawn ENOTDIR
Opening repository for path='/home/shivanshxyz/.config/BetterDiscord/themes/duvbox.css' failed; ex=Error: spawn ENOTDIR
Opening repository for path='/home/shivanshxyz/.config/BetterDiscord/themes' failed; ex=Failed to execute git {
  "exitCode": 128,
  "gitErrorCode": "NotAGitRepository",
  "gitCommand": "rev-parse",
  "stdout": "",
  "stderr": "fatal: not a git repository (or any of the parent directories): .git\n"
}
