[2021-04-15 19:51:06.850] [exthost] [info] extension host started
[2021-04-15 19:51:07.008] [exthost] [info] ExtensionService#_doActivateExtension vscode.microsoft-authentication {"startup":false,"extensionId":{"value":"vscode.microsoft-authentication","_lower":"vscode.microsoft-authentication"},"activationEvent":"onAuthenticationRequest:microsoft"}
[2021-04-15 19:51:07.008] [exthost] [info] ExtensionService#loadCommonJSModule file:///usr/share/code/resources/app/extensions/microsoft-authentication/dist/extension.js
[2021-04-15 19:51:07.039] [exthost] [info] ExtensionService#_doActivateExtension GrapeCity.gc-excelviewer {"startup":false,"extensionId":{"value":"GrapeCity.gc-excelviewer","_lower":"grapecity.gc-excelviewer"},"activationEvent":"onLanguage:plaintext"}
[2021-04-15 19:51:07.039] [exthost] [info] ExtensionService#loadCommonJSModule file:///home/shivanshxyz/.vscode/extensions/grapecity.gc-excelviewer-3.0.41/dist/extension
[2021-04-15 19:51:07.041] [exthost] [info] ExtensionService#_doActivateExtension mechatroner.rainbow-csv {"startup":false,"extensionId":{"value":"mechatroner.rainbow-csv","_lower":"mechatroner.rainbow-csv"},"activationEvent":"onLanguage:plaintext"}
[2021-04-15 19:51:07.042] [exthost] [info] ExtensionService#loadCommonJSModule file:///home/shivanshxyz/.vscode/extensions/mechatroner.rainbow-csv-1.8.1/extension
[2021-04-15 19:51:07.046] [exthost] [info] ExtensionService#_doActivateExtension vscode.debug-auto-launch {"startup":true,"extensionId":{"value":"vscode.debug-auto-launch","_lower":"vscode.debug-auto-launch"},"activationEvent":"*"}
[2021-04-15 19:51:07.046] [exthost] [info] ExtensionService#loadCommonJSModule file:///usr/share/code/resources/app/extensions/debug-auto-launch/dist/extension
[2021-04-15 19:51:07.049] [exthost] [info] ExtensionService#_doActivateExtension vscode.git {"startup":true,"extensionId":{"value":"vscode.github","_lower":"vscode.github"},"activationEvent":"*"}
[2021-04-15 19:51:07.049] [exthost] [info] ExtensionService#loadCommonJSModule file:///usr/share/code/resources/app/extensions/git/dist/main
[2021-04-15 19:51:07.077] [exthost] [info] ExtensionService#_doActivateExtension CoenraadS.bracket-pair-colorizer {"startup":true,"extensionId":{"value":"CoenraadS.bracket-pair-colorizer","_lower":"coenraads.bracket-pair-colorizer"},"activationEvent":"*"}
[2021-04-15 19:51:07.078] [exthost] [info] ExtensionService#loadCommonJSModule file:///home/shivanshxyz/.vscode/extensions/coenraads.bracket-pair-colorizer-1.0.61/out/src/extension
[2021-04-15 19:51:07.120] [exthost] [info] ExtensionService#_doActivateExtension donjayamanne.githistory {"startup":true,"extensionId":{"value":"donjayamanne.githistory","_lower":"donjayamanne.githistory"},"activationEvent":"*"}
[2021-04-15 19:51:07.120] [exthost] [info] ExtensionService#loadCommonJSModule file:///home/shivanshxyz/.vscode/extensions/donjayamanne.githistory-0.6.16/dist/src/extension
[2021-04-15 19:51:07.147] [exthost] [info] ExtensionService#_doActivateExtension EditorConfig.EditorConfig {"startup":true,"extensionId":{"value":"EditorConfig.EditorConfig","_lower":"editorconfig.editorconfig"},"activationEvent":"*"}
[2021-04-15 19:51:07.147] [exthost] [info] ExtensionService#loadCommonJSModule file:///home/shivanshxyz/.vscode/extensions/editorconfig.editorconfig-0.16.4/out/editorConfigMain.js
[2021-04-15 19:51:07.173] [exthost] [info] ExtensionService#_doActivateExtension formulahendry.auto-close-tag {"startup":true,"extensionId":{"value":"formulahendry.auto-close-tag","_lower":"formulahendry.auto-close-tag"},"activationEvent":"*"}
[2021-04-15 19:51:07.173] [exthost] [info] ExtensionService#loadCommonJSModule file:///home/shivanshxyz/.vscode/extensions/formulahendry.auto-close-tag-0.5.10/out/src/extension
[2021-04-15 19:51:07.175] [exthost] [info] ExtensionService#_doActivateExtension formulahendry.auto-rename-tag {"startup":true,"extensionId":{"value":"formulahendry.auto-rename-tag","_lower":"formulahendry.auto-rename-tag"},"activationEvent":"*"}
[2021-04-15 19:51:07.175] [exthost] [info] ExtensionService#loadCommonJSModule file:///home/shivanshxyz/.vscode/extensions/formulahendry.auto-rename-tag-0.1.6/packages/extension/dist/extensionMain.js
[2021-04-15 19:51:07.183] [exthost] [info] ExtensionService#_doActivateExtension naumovs.color-highlight {"startup":true,"extensionId":{"value":"naumovs.color-highlight","_lower":"naumovs.color-highlight"},"activationEvent":"*"}
[2021-04-15 19:51:07.183] [exthost] [info] ExtensionService#loadCommonJSModule file:///home/shivanshxyz/.vscode/extensions/naumovs.color-highlight-2.3.0/dist/extension
[2021-04-15 19:51:07.194] [exthost] [info] ExtensionService#_doActivateExtension oderwat.indent-rainbow {"startup":true,"extensionId":{"value":"oderwat.indent-rainbow","_lower":"oderwat.indent-rainbow"},"activationEvent":"*"}
[2021-04-15 19:51:07.194] [exthost] [info] ExtensionService#loadCommonJSModule file:///home/shivanshxyz/.vscode/extensions/oderwat.indent-rainbow-7.5.0/out/extension
[2021-04-15 19:51:07.196] [exthost] [info] ExtensionService#_doActivateExtension PKief.material-icon-theme {"startup":true,"extensionId":{"value":"PKief.material-icon-theme","_lower":"pkief.material-icon-theme"},"activationEvent":"*"}
[2021-04-15 19:51:07.196] [exthost] [info] ExtensionService#loadCommonJSModule file:///home/shivanshxyz/.vscode/extensions/pkief.material-icon-theme-4.6.0/dist/extension
[2021-04-15 19:51:07.212] [exthost] [info] ExtensionService#_doActivateExtension ritwickdey.LiveServer {"startup":true,"extensionId":{"value":"ritwickdey.LiveServer","_lower":"ritwickdey.liveserver"},"activationEvent":"*"}
[2021-04-15 19:51:07.212] [exthost] [info] ExtensionService#loadCommonJSModule file:///home/shivanshxyz/.vscode/extensions/ritwickdey.liveserver-5.6.1/out/src/extension
[2021-04-15 19:51:07.709] [exthost] [info] ExtensionService#_doActivateExtension SirTori.indenticator {"startup":true,"extensionId":{"value":"SirTori.indenticator","_lower":"sirtori.indenticator"},"activationEvent":"*"}
[2021-04-15 19:51:07.709] [exthost] [info] ExtensionService#loadCommonJSModule file:///home/shivanshxyz/.vscode/extensions/sirtori.indenticator-0.7.0/out/src/extension
[2021-04-15 19:51:07.710] [exthost] [info] ExtensionService#_doActivateExtension streetsidesoftware.code-spell-checker {"startup":true,"extensionId":{"value":"streetsidesoftware.code-spell-checker","_lower":"streetsidesoftware.code-spell-checker"},"activationEvent":"*"}
[2021-04-15 19:51:07.710] [exthost] [info] ExtensionService#loadCommonJSModule file:///home/shivanshxyz/.vscode/extensions/streetsidesoftware.code-spell-checker-1.10.2/dist/extension.js
[2021-04-15 19:51:07.725] [exthost] [info] ExtensionService#_doActivateExtension WallabyJs.quokka-vscode {"startup":true,"extensionId":{"value":"WallabyJs.quokka-vscode","_lower":"wallabyjs.quokka-vscode"},"activationEvent":"*"}
[2021-04-15 19:51:07.725] [exthost] [info] ExtensionService#loadCommonJSModule file:///home/shivanshxyz/.vscode/extensions/wallabyjs.quokka-vscode-1.0.354/index
[2021-04-15 19:51:07.726] [exthost] [info] ExtensionService#_doActivateExtension wayou.vscode-todo-highlight {"startup":true,"extensionId":{"value":"wayou.vscode-todo-highlight","_lower":"wayou.vscode-todo-highlight"},"activationEvent":"*"}
[2021-04-15 19:51:07.726] [exthost] [info] ExtensionService#loadCommonJSModule file:///home/shivanshxyz/.vscode/extensions/wayou.vscode-todo-highlight-1.0.4/src/extension
[2021-04-15 19:51:08.129] [exthost] [info] ExtensionService#_doActivateExtension vscode.github {"startup":true,"extensionId":{"value":"vscode.github","_lower":"vscode.github"},"activationEvent":"*"}
[2021-04-15 19:51:08.129] [exthost] [info] ExtensionService#loadCommonJSModule file:///usr/share/code/resources/app/extensions/github/dist/extension.js
[2021-04-15 19:51:08.163] [exthost] [info] ExtensionService#_doActivateExtension ms-vscode.js-debug {"startup":false,"extensionId":{"value":"ms-vscode.js-debug","_lower":"ms-vscode.js-debug"},"activationEvent":"onCommand:extension.js-debug.clearAutoAttachVariables"}
[2021-04-15 19:51:08.163] [exthost] [info] ExtensionService#loadCommonJSModule file:///usr/share/code/resources/app/extensions/ms-vscode.js-debug/src/extension.js
[2021-04-15 19:51:08.276] [exthost] [info] eager extensions activated
[2021-04-15 19:51:08.278] [exthost] [info] ExtensionService#_doActivateExtension vscode.emmet {"startup":false,"extensionId":{"value":"vscode.emmet","_lower":"vscode.emmet"},"activationEvent":"onStartupFinished"}
[2021-04-15 19:51:08.278] [exthost] [info] ExtensionService#loadCommonJSModule file:///usr/share/code/resources/app/extensions/emmet/dist/node/emmetNodeMain
[2021-04-15 19:51:08.284] [exthost] [info] ExtensionService#_doActivateExtension vscode.merge-conflict {"startup":false,"extensionId":{"value":"vscode.merge-conflict","_lower":"vscode.merge-conflict"},"activationEvent":"onStartupFinished"}
[2021-04-15 19:51:08.284] [exthost] [info] ExtensionService#loadCommonJSModule file:///usr/share/code/resources/app/extensions/merge-conflict/dist/mergeConflictMain
[2021-04-15 19:51:08.286] [exthost] [info] ExtensionService#_doActivateExtension vscode.testing-editor-contributions {"startup":false,"extensionId":{"value":"vscode.testing-editor-contributions","_lower":"vscode.testing-editor-contributions"},"activationEvent":"onStartupFinished"}
[2021-04-15 19:51:08.286] [exthost] [info] ExtensionService#loadCommonJSModule file:///usr/share/code/resources/app/extensions/testing-editor-contributions/dist/extension.js
[2021-04-15 19:51:08.287] [exthost] [info] ExtensionService#_doActivateExtension dbaeumer.vscode-eslint {"startup":false,"extensionId":{"value":"dbaeumer.vscode-eslint","_lower":"dbaeumer.vscode-eslint"},"activationEvent":"onStartupFinished"}
[2021-04-15 19:51:08.287] [exthost] [info] ExtensionService#loadCommonJSModule file:///home/shivanshxyz/.vscode/extensions/dbaeumer.vscode-eslint-2.1.20/client/out/extension
[2021-04-15 19:51:08.299] [exthost] [info] ExtensionService#_doActivateExtension esbenp.prettier-vscode {"startup":false,"extensionId":{"value":"esbenp.prettier-vscode","_lower":"esbenp.prettier-vscode"},"activationEvent":"onStartupFinished"}
[2021-04-15 19:51:08.299] [exthost] [info] ExtensionService#loadCommonJSModule file:///home/shivanshxyz/.vscode/extensions/esbenp.prettier-vscode-6.3.2/dist/extension
[2021-04-15 19:51:08.374] [exthost] [info] ExtensionService#_doActivateExtension ms-vscode-remote.remote-containers {"startup":false,"extensionId":{"value":"ms-vscode-remote.remote-containers","_lower":"ms-vscode-remote.remote-containers"},"activationEvent":"onStartupFinished"}
[2021-04-15 19:51:08.374] [exthost] [info] ExtensionService#loadCommonJSModule file:///home/shivanshxyz/.vscode/extensions/ms-vscode-remote.remote-containers-0.166.1/dist/extension/extension
[2021-04-15 19:51:08.399] [exthost] [info] ExtensionService#_doActivateExtension ms-vscode-remote.remote-wsl {"startup":false,"extensionId":{"value":"ms-vscode-remote.remote-wsl","_lower":"ms-vscode-remote.remote-wsl"},"activationEvent":"onStartupFinished"}
[2021-04-15 19:51:08.399] [exthost] [info] ExtensionService#loadCommonJSModule file:///home/shivanshxyz/.vscode/extensions/ms-vscode-remote.remote-wsl-0.54.6/dist/extension
[2021-04-15 19:51:08.405] [exthost] [info] ExtensionService#_doActivateExtension unthrottled.doki-theme {"startup":false,"extensionId":{"value":"unthrottled.doki-theme","_lower":"unthrottled.doki-theme"},"activationEvent":"onStartupFinished"}
[2021-04-15 19:51:08.405] [exthost] [info] ExtensionService#loadCommonJSModule file:///home/shivanshxyz/.vscode/extensions/unthrottled.doki-theme-11.1.1/out/extension.js
[2021-04-15 19:51:08.469] [exthost] [info] ExtensionService#_doActivateExtension vscode.github-authentication {"startup":false,"extensionId":{"value":"vscode.github-authentication","_lower":"vscode.github-authentication"},"activationEvent":"onAuthenticationRequest:github"}
[2021-04-15 19:51:08.469] [exthost] [info] ExtensionService#loadCommonJSModule file:///usr/share/code/resources/app/extensions/github-authentication/dist/extension.js
[2021-04-15 19:51:13.286] [exthost] [info] ExtensionService#_doActivateExtension vscode.configuration-editing {"startup":false,"extensionId":{"value":"vscode.configuration-editing","_lower":"vscode.configuration-editing"},"activationEvent":"onLanguage:jsonc"}
[2021-04-15 19:51:13.290] [exthost] [info] ExtensionService#loadCommonJSModule file:///usr/share/code/resources/app/extensions/configuration-editing/dist/configurationEditingMain
[2021-04-15 19:51:13.295] [exthost] [info] ExtensionService#_doActivateExtension vscode.json-language-features {"startup":false,"extensionId":{"value":"vscode.json-language-features","_lower":"vscode.json-language-features"},"activationEvent":"onLanguage:jsonc"}
[2021-04-15 19:51:13.295] [exthost] [info] ExtensionService#loadCommonJSModule file:///usr/share/code/resources/app/extensions/json-language-features/client/dist/node/jsonClientMain
[2021-04-15 19:51:13.314] [exthost] [info] ExtensionService#_doActivateExtension vscode.typescript-language-features {"startup":false,"extensionId":{"value":"vscode.typescript-language-features","_lower":"vscode.typescript-language-features"},"activationEvent":"onLanguage:jsonc"}
[2021-04-15 19:51:13.314] [exthost] [info] ExtensionService#loadCommonJSModule file:///usr/share/code/resources/app/extensions/typescript-language-features/dist/extension
[2021-04-16 01:57:28.501] [exthost] [info] extension host terminating: received terminate message from renderer
[2021-04-16 01:57:29.535] [exthost] [info] exiting with code 0
