[2021-04-16 10:58:57.890] [exthost] [info] extension host started
[2021-04-16 10:58:58.074] [exthost] [info] ExtensionService#_doActivateExtension vscode.microsoft-authentication {"startup":false,"extensionId":{"value":"vscode.microsoft-authentication","_lower":"vscode.microsoft-authentication"},"activationEvent":"onAuthenticationRequest:microsoft"}
[2021-04-16 10:58:58.074] [exthost] [info] ExtensionService#loadCommonJSModule file:///usr/share/code-insiders/resources/app/extensions/microsoft-authentication/dist/extension.js
[2021-04-16 10:58:58.088] [exthost] [info] ExtensionService#_doActivateExtension vscode.css-language-features {"startup":false,"extensionId":{"value":"vscode.css-language-features","_lower":"vscode.css-language-features"},"activationEvent":"onLanguage:css"}
[2021-04-16 10:58:58.088] [exthost] [info] ExtensionService#loadCommonJSModule file:///usr/share/code-insiders/resources/app/extensions/css-language-features/client/dist/node/cssClientMain
[2021-04-16 10:58:58.124] [exthost] [info] ExtensionService#_doActivateExtension vscode.emmet {"startup":false,"extensionId":{"value":"vscode.emmet","_lower":"vscode.emmet"},"activationEvent":"onLanguage:css"}
[2021-04-16 10:58:58.124] [exthost] [info] ExtensionService#loadCommonJSModule file:///usr/share/code-insiders/resources/app/extensions/emmet/dist/node/emmetNodeMain
[2021-04-16 10:58:58.135] [exthost] [info] ExtensionService#_doActivateExtension vscode.debug-auto-launch {"startup":true,"extensionId":{"value":"vscode.debug-auto-launch","_lower":"vscode.debug-auto-launch"},"activationEvent":"*"}
[2021-04-16 10:58:58.135] [exthost] [info] ExtensionService#loadCommonJSModule file:///usr/share/code-insiders/resources/app/extensions/debug-auto-launch/dist/extension
[2021-04-16 10:58:58.140] [exthost] [info] ExtensionService#_doActivateExtension vscode.git {"startup":true,"extensionId":{"value":"vscode.github","_lower":"vscode.github"},"activationEvent":"*"}
[2021-04-16 10:58:58.140] [exthost] [info] ExtensionService#loadCommonJSModule file:///usr/share/code-insiders/resources/app/extensions/git/dist/main
[2021-04-16 10:58:58.320] [exthost] [info] ExtensionService#_doActivateExtension vscode.github {"startup":true,"extensionId":{"value":"vscode.github","_lower":"vscode.github"},"activationEvent":"*"}
[2021-04-16 10:58:58.320] [exthost] [info] ExtensionService#loadCommonJSModule file:///usr/share/code-insiders/resources/app/extensions/github/dist/extension.js
[2021-04-16 10:58:58.339] [exthost] [info] ExtensionService#_doActivateExtension ms-vscode.js-debug {"startup":false,"extensionId":{"value":"ms-vscode.js-debug","_lower":"ms-vscode.js-debug"},"activationEvent":"onCommand:extension.js-debug.clearAutoAttachVariables"}
[2021-04-16 10:58:58.339] [exthost] [info] ExtensionService#loadCommonJSModule file:///usr/share/code-insiders/resources/app/extensions/ms-vscode.js-debug/src/extension.js
[2021-04-16 10:58:58.488] [exthost] [info] eager extensions activated
[2021-04-16 10:58:58.508] [exthost] [info] ExtensionService#_doActivateExtension vscode.merge-conflict {"startup":false,"extensionId":{"value":"vscode.merge-conflict","_lower":"vscode.merge-conflict"},"activationEvent":"onStartupFinished"}
[2021-04-16 10:58:58.508] [exthost] [info] ExtensionService#loadCommonJSModule file:///usr/share/code-insiders/resources/app/extensions/merge-conflict/dist/mergeConflictMain
[2021-04-16 10:58:58.510] [exthost] [info] ExtensionService#_doActivateExtension vscode.testing-editor-contributions {"startup":false,"extensionId":{"value":"vscode.testing-editor-contributions","_lower":"vscode.testing-editor-contributions"},"activationEvent":"onStartupFinished"}
[2021-04-16 10:58:58.510] [exthost] [info] ExtensionService#loadCommonJSModule file:///usr/share/code-insiders/resources/app/extensions/testing-editor-contributions/dist/extension.js
[2021-04-16 10:58:58.540] [exthost] [info] ExtensionService#_doActivateExtension vscode.github-authentication {"startup":false,"extensionId":{"value":"vscode.github-authentication","_lower":"vscode.github-authentication"},"activationEvent":"onAuthenticationRequest:github"}
[2021-04-16 10:58:58.540] [exthost] [info] ExtensionService#loadCommonJSModule file:///usr/share/code-insiders/resources/app/extensions/github-authentication/dist/extension.js
[2021-04-16 10:59:16.827] [exthost] [info] extension host terminating: received terminate message from renderer
[2021-04-16 10:59:17.866] [exthost] [info] exiting with code 0
