Initializing document watcher...
blocks/bars.ini: {}
blocks/config.ini: {}
blocks/config.ini: {}
blocks/config.ini: Using EditorConfig core...
blocks/bars.ini: {}
blocks/config.ini: {}
blocks/modules.ini: {}
blocks/config.ini: {}
blocks/config.ini: Using EditorConfig core...
blocks/config.ini: {}
blocks/modules.ini: {}
blocks/modules.ini: {}
blocks/user_modules.ini: {}
blocks/config.ini: {}
blocks/bars.ini: {}
blocks/modules.ini: {}
blocks/config.ini: {}
blocks/config.ini: Using EditorConfig core...
blocks/config.ini: {}
blocks/config.ini: Using EditorConfig core...
blocks/modules.ini: {}
blocks/user_modules.ini: {}
blocks/user_modules.ini: {}
blocks/user_modules.ini: {}
blocks/modules.ini: {}
blocks/modules.ini: Using EditorConfig core...
blocks/modules.ini: {}
blocks/modules.ini: {}
blocks/modules.ini: {}
blocks/modules.ini: {}
blocks/user_modules.ini: {}
blocks/bars.ini: {}
blocks/modules.ini: {}
blocks/bars.ini: {}
blocks/modules.ini: {}
blocks/config.ini: {}
blocks/modules.ini: {}
blocks/bars.ini: {}
blocks/modules.ini: {}
blocks/modules.ini: Using EditorConfig core...
blocks/bars.ini: {}
blocks/bars.ini: Using EditorConfig core...
blocks/modules.ini: {}
blocks/modules.ini: {}
blocks/user_modules.ini: {}
blocks/user_modules.ini: {}
blocks/modules.ini: {}
blocks/config.ini: {}
blocks/bars.ini: {}
blocks/config.ini: {}
blocks/config.ini: {}
blocks/modules.ini: {}
blocks/modules.ini: Using EditorConfig core...
blocks/user_modules.ini: {}
blocks/bars.ini: {}
blocks/bars.ini: Using EditorConfig core...
blocks/modules.ini: {}
blocks/modules.ini: {}
blocks/user_modules.ini: {}
blocks/bars.ini: {}
blocks/modules.ini: {}
blocks/user_modules.ini: {}
blocks/user_modules.ini: {}
blocks/config.ini: {}
blocks/config.ini: Using EditorConfig core...
blocks/user_modules.ini: {}
blocks/user_modules.ini: Using EditorConfig core...
blocks/user_modules.ini: {}
blocks/modules.ini: {}
blocks/modules.ini: Using EditorConfig core...
blocks/modules.ini: {}
blocks/modules.ini: {}
blocks/modules.ini: {}
blocks/modules.ini: {}
