[2021-04-15 12:09:31.445] [exthost] [info] extension host started
[2021-04-15 12:09:31.539] [exthost] [info] ExtensionService#_doActivateExtension vscode.microsoft-authentication {"startup":false,"extensionId":{"value":"vscode.microsoft-authentication","_lower":"vscode.microsoft-authentication"},"activationEvent":"onAuthenticationRequest:microsoft"}
[2021-04-15 12:09:31.539] [exthost] [info] ExtensionService#loadCommonJSModule file:///usr/share/code/resources/app/extensions/microsoft-authentication/dist/extension.js
[2021-04-15 12:09:31.557] [exthost] [info] ExtensionService#_doActivateExtension vscode.debug-auto-launch {"startup":true,"extensionId":{"value":"vscode.debug-auto-launch","_lower":"vscode.debug-auto-launch"},"activationEvent":"*"}
[2021-04-15 12:09:31.557] [exthost] [info] ExtensionService#loadCommonJSModule file:///usr/share/code/resources/app/extensions/debug-auto-launch/dist/extension
[2021-04-15 12:09:31.561] [exthost] [info] ExtensionService#_doActivateExtension vscode.git {"startup":true,"extensionId":{"value":"vscode.github","_lower":"vscode.github"},"activationEvent":"*"}
[2021-04-15 12:09:31.561] [exthost] [info] ExtensionService#loadCommonJSModule file:///usr/share/code/resources/app/extensions/git/dist/main
[2021-04-15 12:09:31.582] [exthost] [info] ExtensionService#_doActivateExtension CoenraadS.bracket-pair-colorizer {"startup":true,"extensionId":{"value":"CoenraadS.bracket-pair-colorizer","_lower":"coenraads.bracket-pair-colorizer"},"activationEvent":"*"}
[2021-04-15 12:09:31.582] [exthost] [info] ExtensionService#loadCommonJSModule file:///home/shivanshxyz/.vscode/extensions/coenraads.bracket-pair-colorizer-1.0.61/out/src/extension
[2021-04-15 12:09:31.617] [exthost] [info] ExtensionService#_doActivateExtension donjayamanne.githistory {"startup":true,"extensionId":{"value":"donjayamanne.githistory","_lower":"donjayamanne.githistory"},"activationEvent":"*"}
[2021-04-15 12:09:31.617] [exthost] [info] ExtensionService#loadCommonJSModule file:///home/shivanshxyz/.vscode/extensions/donjayamanne.githistory-0.6.16/dist/src/extension
[2021-04-15 12:09:31.662] [exthost] [info] ExtensionService#_doActivateExtension EditorConfig.EditorConfig {"startup":true,"extensionId":{"value":"EditorConfig.EditorConfig","_lower":"editorconfig.editorconfig"},"activationEvent":"*"}
[2021-04-15 12:09:31.662] [exthost] [info] ExtensionService#loadCommonJSModule file:///home/shivanshxyz/.vscode/extensions/editorconfig.editorconfig-0.16.4/out/editorConfigMain.js
[2021-04-15 12:09:31.694] [exthost] [info] ExtensionService#_doActivateExtension formulahendry.auto-close-tag {"startup":true,"extensionId":{"value":"formulahendry.auto-close-tag","_lower":"formulahendry.auto-close-tag"},"activationEvent":"*"}
[2021-04-15 12:09:31.694] [exthost] [info] ExtensionService#loadCommonJSModule file:///home/shivanshxyz/.vscode/extensions/formulahendry.auto-close-tag-0.5.10/out/src/extension
[2021-04-15 12:09:31.704] [exthost] [info] ExtensionService#_doActivateExtension formulahendry.auto-rename-tag {"startup":true,"extensionId":{"value":"formulahendry.auto-rename-tag","_lower":"formulahendry.auto-rename-tag"},"activationEvent":"*"}
[2021-04-15 12:09:31.704] [exthost] [info] ExtensionService#loadCommonJSModule file:///home/shivanshxyz/.vscode/extensions/formulahendry.auto-rename-tag-0.1.6/packages/extension/dist/extensionMain.js
[2021-04-15 12:09:31.714] [exthost] [info] ExtensionService#_doActivateExtension naumovs.color-highlight {"startup":true,"extensionId":{"value":"naumovs.color-highlight","_lower":"naumovs.color-highlight"},"activationEvent":"*"}
[2021-04-15 12:09:31.714] [exthost] [info] ExtensionService#loadCommonJSModule file:///home/shivanshxyz/.vscode/extensions/naumovs.color-highlight-2.3.0/dist/extension
[2021-04-15 12:09:31.725] [exthost] [info] ExtensionService#_doActivateExtension oderwat.indent-rainbow {"startup":true,"extensionId":{"value":"oderwat.indent-rainbow","_lower":"oderwat.indent-rainbow"},"activationEvent":"*"}
[2021-04-15 12:09:31.725] [exthost] [info] ExtensionService#loadCommonJSModule file:///home/shivanshxyz/.vscode/extensions/oderwat.indent-rainbow-7.5.0/out/extension
[2021-04-15 12:09:31.727] [exthost] [info] ExtensionService#_doActivateExtension PKief.material-icon-theme {"startup":true,"extensionId":{"value":"PKief.material-icon-theme","_lower":"pkief.material-icon-theme"},"activationEvent":"*"}
[2021-04-15 12:09:31.727] [exthost] [info] ExtensionService#loadCommonJSModule file:///home/shivanshxyz/.vscode/extensions/pkief.material-icon-theme-4.6.0/dist/extension
[2021-04-15 12:09:31.735] [exthost] [info] ExtensionService#_doActivateExtension ritwickdey.LiveServer {"startup":true,"extensionId":{"value":"ritwickdey.LiveServer","_lower":"ritwickdey.liveserver"},"activationEvent":"*"}
[2021-04-15 12:09:31.737] [exthost] [info] ExtensionService#loadCommonJSModule file:///home/shivanshxyz/.vscode/extensions/ritwickdey.liveserver-5.6.1/out/src/extension
[2021-04-15 12:09:32.214] [exthost] [info] ExtensionService#_doActivateExtension SirTori.indenticator {"startup":true,"extensionId":{"value":"SirTori.indenticator","_lower":"sirtori.indenticator"},"activationEvent":"*"}
[2021-04-15 12:09:32.214] [exthost] [info] ExtensionService#loadCommonJSModule file:///home/shivanshxyz/.vscode/extensions/sirtori.indenticator-0.7.0/out/src/extension
[2021-04-15 12:09:32.216] [exthost] [info] ExtensionService#_doActivateExtension streetsidesoftware.code-spell-checker {"startup":true,"extensionId":{"value":"streetsidesoftware.code-spell-checker","_lower":"streetsidesoftware.code-spell-checker"},"activationEvent":"*"}
[2021-04-15 12:09:32.216] [exthost] [info] ExtensionService#loadCommonJSModule file:///home/shivanshxyz/.vscode/extensions/streetsidesoftware.code-spell-checker-1.10.2/dist/extension.js
[2021-04-15 12:09:32.229] [exthost] [info] ExtensionService#_doActivateExtension WallabyJs.quokka-vscode {"startup":true,"extensionId":{"value":"WallabyJs.quokka-vscode","_lower":"wallabyjs.quokka-vscode"},"activationEvent":"*"}
[2021-04-15 12:09:32.229] [exthost] [info] ExtensionService#loadCommonJSModule file:///home/shivanshxyz/.vscode/extensions/wallabyjs.quokka-vscode-1.0.354/index
[2021-04-15 12:09:32.232] [exthost] [info] ExtensionService#_doActivateExtension wayou.vscode-todo-highlight {"startup":true,"extensionId":{"value":"wayou.vscode-todo-highlight","_lower":"wayou.vscode-todo-highlight"},"activationEvent":"*"}
[2021-04-15 12:09:32.232] [exthost] [info] ExtensionService#loadCommonJSModule file:///home/shivanshxyz/.vscode/extensions/wayou.vscode-todo-highlight-1.0.4/src/extension
[2021-04-15 12:09:32.648] [exthost] [info] ExtensionService#_doActivateExtension ms-vscode.js-debug {"startup":false,"extensionId":{"value":"ms-vscode.js-debug","_lower":"ms-vscode.js-debug"},"activationEvent":"onCommand:extension.js-debug.clearAutoAttachVariables"}
[2021-04-15 12:09:32.648] [exthost] [info] ExtensionService#loadCommonJSModule file:///usr/share/code/resources/app/extensions/ms-vscode.js-debug/src/extension.js
[2021-04-15 12:09:32.784] [exthost] [info] ExtensionService#_doActivateExtension vscode.github {"startup":false,"extensionId":{"value":"vscode.github","_lower":"vscode.github"},"activationEvent":"*"}
[2021-04-15 12:09:32.784] [exthost] [info] ExtensionService#loadCommonJSModule file:///usr/share/code/resources/app/extensions/github/dist/extension.js
[2021-04-15 12:09:32.800] [exthost] [info] eager extensions activated
[2021-04-15 12:09:32.814] [exthost] [info] ExtensionService#_doActivateExtension vscode.github-authentication {"startup":false,"extensionId":{"value":"vscode.github-authentication","_lower":"vscode.github-authentication"},"activationEvent":"onAuthenticationRequest:github"}
[2021-04-15 12:09:32.814] [exthost] [info] ExtensionService#loadCommonJSModule file:///usr/share/code/resources/app/extensions/github-authentication/dist/extension.js
[2021-04-15 12:09:32.823] [exthost] [info] ExtensionService#_doActivateExtension vscode.emmet {"startup":false,"extensionId":{"value":"vscode.emmet","_lower":"vscode.emmet"},"activationEvent":"onStartupFinished"}
[2021-04-15 12:09:32.823] [exthost] [info] ExtensionService#loadCommonJSModule file:///usr/share/code/resources/app/extensions/emmet/dist/node/emmetNodeMain
[2021-04-15 12:09:32.837] [exthost] [info] ExtensionService#_doActivateExtension vscode.merge-conflict {"startup":false,"extensionId":{"value":"vscode.merge-conflict","_lower":"vscode.merge-conflict"},"activationEvent":"onStartupFinished"}
[2021-04-15 12:09:32.837] [exthost] [info] ExtensionService#loadCommonJSModule file:///usr/share/code/resources/app/extensions/merge-conflict/dist/mergeConflictMain
[2021-04-15 12:09:32.843] [exthost] [info] ExtensionService#_doActivateExtension vscode.testing-editor-contributions {"startup":false,"extensionId":{"value":"vscode.testing-editor-contributions","_lower":"vscode.testing-editor-contributions"},"activationEvent":"onStartupFinished"}
[2021-04-15 12:09:32.843] [exthost] [info] ExtensionService#loadCommonJSModule file:///usr/share/code/resources/app/extensions/testing-editor-contributions/dist/extension.js
[2021-04-15 12:09:32.845] [exthost] [info] ExtensionService#_doActivateExtension dbaeumer.vscode-eslint {"startup":false,"extensionId":{"value":"dbaeumer.vscode-eslint","_lower":"dbaeumer.vscode-eslint"},"activationEvent":"onStartupFinished"}
[2021-04-15 12:09:32.845] [exthost] [info] ExtensionService#loadCommonJSModule file:///home/shivanshxyz/.vscode/extensions/dbaeumer.vscode-eslint-2.1.20/client/out/extension
[2021-04-15 12:09:32.857] [exthost] [info] ExtensionService#_doActivateExtension esbenp.prettier-vscode {"startup":false,"extensionId":{"value":"esbenp.prettier-vscode","_lower":"esbenp.prettier-vscode"},"activationEvent":"onStartupFinished"}
[2021-04-15 12:09:32.857] [exthost] [info] ExtensionService#loadCommonJSModule file:///home/shivanshxyz/.vscode/extensions/esbenp.prettier-vscode-6.3.2/dist/extension
[2021-04-15 12:09:32.994] [exthost] [info] ExtensionService#_doActivateExtension ms-vscode-remote.remote-containers {"startup":false,"extensionId":{"value":"ms-vscode-remote.remote-containers","_lower":"ms-vscode-remote.remote-containers"},"activationEvent":"onStartupFinished"}
[2021-04-15 12:09:32.994] [exthost] [info] ExtensionService#loadCommonJSModule file:///home/shivanshxyz/.vscode/extensions/ms-vscode-remote.remote-containers-0.166.1/dist/extension/extension
[2021-04-15 12:09:33.028] [exthost] [info] ExtensionService#_doActivateExtension ms-vscode-remote.remote-wsl {"startup":false,"extensionId":{"value":"ms-vscode-remote.remote-wsl","_lower":"ms-vscode-remote.remote-wsl"},"activationEvent":"onStartupFinished"}
[2021-04-15 12:09:33.028] [exthost] [info] ExtensionService#loadCommonJSModule file:///home/shivanshxyz/.vscode/extensions/ms-vscode-remote.remote-wsl-0.54.6/dist/extension
[2021-04-15 12:09:33.038] [exthost] [info] ExtensionService#_doActivateExtension unthrottled.doki-theme {"startup":false,"extensionId":{"value":"unthrottled.doki-theme","_lower":"unthrottled.doki-theme"},"activationEvent":"onStartupFinished"}
[2021-04-15 12:09:33.038] [exthost] [info] ExtensionService#loadCommonJSModule file:///home/shivanshxyz/.vscode/extensions/unthrottled.doki-theme-11.1.1/out/extension.js
[2021-04-15 12:09:37.941] [exthost] [info] ExtensionService#_doActivateExtension vscode.configuration-editing {"startup":false,"extensionId":{"value":"vscode.configuration-editing","_lower":"vscode.configuration-editing"},"activationEvent":"onLanguage:jsonc"}
[2021-04-15 12:09:37.943] [exthost] [info] ExtensionService#loadCommonJSModule file:///usr/share/code/resources/app/extensions/configuration-editing/dist/configurationEditingMain
[2021-04-15 12:09:37.955] [exthost] [info] ExtensionService#_doActivateExtension vscode.json-language-features {"startup":false,"extensionId":{"value":"vscode.json-language-features","_lower":"vscode.json-language-features"},"activationEvent":"onLanguage:jsonc"}
[2021-04-15 12:09:37.955] [exthost] [info] ExtensionService#loadCommonJSModule file:///usr/share/code/resources/app/extensions/json-language-features/client/dist/node/jsonClientMain
[2021-04-15 12:09:38.057] [exthost] [info] ExtensionService#_doActivateExtension vscode.typescript-language-features {"startup":false,"extensionId":{"value":"vscode.typescript-language-features","_lower":"vscode.typescript-language-features"},"activationEvent":"onLanguage:jsonc"}
[2021-04-15 12:09:38.057] [exthost] [info] ExtensionService#loadCommonJSModule file:///usr/share/code/resources/app/extensions/typescript-language-features/dist/extension
