Initializing document watcher...
blocks/bars.ini: {}
blocks/config.ini: {}
blocks/config.ini: Using EditorConfig core...
blocks/config.ini: {}
blocks/config.ini: {}
blocks/config.ini: Using EditorConfig core...
blocks/config.ini: {}
blocks/config.ini: {}
blocks/config.ini: Using EditorConfig core...
blocks/config.ini: Using EditorConfig core...
blocks/config.ini: {}
blocks/config.ini: {}
blocks/config.ini: Using EditorConfig core...
blocks/config.ini: {}
blocks/config.ini: {}
blocks/config.ini: {}
blocks/modules.ini: {}
blocks/user_modules.ini: {}
blocks/bars.ini: {}
blocks/config.ini: {}
blocks/user_modules.ini: {}
blocks/config.ini: {}
blocks/config.ini: {}
blocks/config.ini: {}
blocks/config.ini: {}
blocks/config.ini: Using EditorConfig core...
blocks/config.ini: {}
blocks/launch.sh: {}
blocks/launch.sh: {}
blocks/launch.sh: Using EditorConfig core...
blocks/launch.sh: {}
blocks/launch.sh: {}
blocks/launch.sh: {}
blocks/launch.sh: {}
blocks/launch.sh: {}
blocks/launch.sh: {}
blocks/launch.sh: {}
blocks/launch.sh: {}
blocks/launch.sh: {}
blocks/launch.sh: {}
blocks/launch.sh: {}
blocks/launch.sh: {}
blocks/launch.sh: {}
blocks/launch.sh: {}
blocks/launch.sh: {}
blocks/launch.sh: {}
blocks/launch.sh: {}
blocks/launch.sh: {}
blocks/launch.sh: {}
blocks/launch.sh: {}
blocks/launch.sh: {}
blocks/config.ini: {}
blocks/config.ini: {}
blocks/config.ini: {}
blocks/config.ini: {}
blocks/config.ini: {}
blocks/config.ini: {}
blocks/config.ini: {}
